<?xml version="1.0" encoding="UTF-8"?>
<!-- Generated by org.testng.reporters.JUnitXMLReporter -->
<testsuite ignored="0" hostname="MacBook-Pro.local" failures="0" tests="3" name="Test" time="0.093" errors="0" timestamp="2022-08-01T13:30:32 PDT">
  <testcase classname="com.andoorathodi.E2EJuly2022.RediffMainPage" name="@BeforeTest setUp" time="0.011">
    <failure type="java.lang.NullPointerException" message="Cannot invoke &amp;quot;String.contains(java.lang.CharSequence)&amp;quot; because &amp;quot;browser&amp;quot; is null">
      <![CDATA[java.lang.NullPointerException: Cannot invoke "String.contains(java.lang.CharSequence)" because "browser" is null
at resources.base.initalizeDriver(base.java:32)
at com.andoorathodi.E2EJuly2022.RediffMainPage.setUp(RediffMainPage.java:22)
... Removed 28 stack frames]]>
    </failure>
  </testcase> <!-- @BeforeTest setUp -->
  <testcase classname="com.andoorathodi.E2EJuly2022.RediffMainPage" name="@AfterTest tearDown" time="0.0">
    <skipped/>
  </testcase> <!-- @AfterTest tearDown -->
  <testcase classname="com.andoorathodi.E2EJuly2022.RediffMainPage" name="negativeTest" time="0.0">
    <skipped/>
  </testcase> <!-- negativeTest -->
  <testcase classname="com.andoorathodi.E2EJuly2022.RediffMainPage" name="start" time="0.0">
    <skipped/>
  </testcase> <!-- start -->
  <testcase classname="com.andoorathodi.E2EJuly2022.RediffMainPage" name="start" time="0.0">
    <skipped/>
  </testcase> <!-- start -->
</testsuite> <!-- Test -->
