<?xml version="1.0" encoding="UTF-8"?>
<testng-results ignored="0" total="2" passed="2" failed="0" skipped="0">
  <reporter-output>
  </reporter-output>
  <suite started-at="2022-07-22T12:00:34 PDT" name="Default suite" finished-at="2022-07-22T12:00:58 PDT" duration-ms="24565">
    <groups>
    </groups>
    <test started-at="2022-07-22T12:00:34 PDT" name="Default test" finished-at="2022-07-22T12:00:58 PDT" duration-ms="24565">
      <class name="com.andoorathodi.E2EJuly2022.RediffMainPage">
        <test-method is-config="true" signature="setUp()[pri:0, instance:com.andoorathodi.E2EJuly2022.RediffMainPage@942a29c]" started-at="2022-07-22T12:00:34 PDT" name="setUp" finished-at="2022-07-22T12:00:36 PDT" duration-ms="2887" status="PASS">
          <reporter-output>
          </reporter-output>
        </test-method> <!-- setUp -->
        <test-method signature="start(java.lang.String,java.lang.String)[pri:0, instance:com.andoorathodi.E2EJuly2022.RediffMainPage@942a29c]" started-at="2022-07-22T12:00:36 PDT" name="start" data-provider="getData" finished-at="2022-07-22T12:00:50 PDT" duration-ms="13505" status="PASS">
          <params>
            <param index="0">
              <value>
                <![CDATA[nabeel]]>
              </value>
            </param>
            <param index="1">
              <value>
                <![CDATA[afd]]>
              </value>
            </param>
          </params>
          <reporter-output>
          </reporter-output>
        </test-method> <!-- start -->
        <test-method signature="start(java.lang.String,java.lang.String)[pri:0, instance:com.andoorathodi.E2EJuly2022.RediffMainPage@942a29c]" started-at="2022-07-22T12:00:50 PDT" name="start" data-provider="getData" finished-at="2022-07-22T12:00:58 PDT" duration-ms="7971" status="PASS">
          <params>
            <param index="0">
              <value>
                <![CDATA[shibil]]>
              </value>
            </param>
            <param index="1">
              <value>
                <![CDATA[jkll]]>
              </value>
            </param>
          </params>
          <reporter-output>
          </reporter-output>
        </test-method> <!-- start -->
        <test-method is-config="true" signature="tearDown()[pri:0, instance:com.andoorathodi.E2EJuly2022.RediffMainPage@942a29c]" started-at="2022-07-22T12:00:58 PDT" name="tearDown" finished-at="2022-07-22T12:00:58 PDT" duration-ms="134" status="PASS">
          <reporter-output>
          </reporter-output>
        </test-method> <!-- tearDown -->
      </class> <!-- com.andoorathodi.E2EJuly2022.RediffMainPage -->
    </test> <!-- Default test -->
  </suite> <!-- Default suite -->
</testng-results>
