<?xml version="1.0" encoding="UTF-8"?>
<testng-results ignored="0" total="2" passed="2" failed="0" skipped="0">
  <reporter-output>
  </reporter-output>
  <suite started-at="2022-08-02T12:22:40 PDT" name="Suite" finished-at="2022-08-02T12:23:09 PDT" duration-ms="28989">
    <groups>
      <group name="cucumber">
        <method signature="AbstractTestNGCucumberTests.runScenario(io.cucumber.testng.PickleWrapper,io.cucumber.testng.FeatureWrapper)[pri:0, instance:Runnerclass.testRunner@2bffa76d]" name="runScenario" class="io.cucumber.testng.AbstractTestNGCucumberTests"/>
      </group> <!-- cucumber -->
    </groups>
    <test started-at="2022-08-02T12:22:40 PDT" name="Test" finished-at="2022-08-02T12:23:09 PDT" duration-ms="28989">
      <class name="Runnerclass.testRunner">
        <test-method is-config="true" signature="setUpClass(org.testng.ITestContext)[pri:0, instance:Runnerclass.testRunner@2bffa76d]" started-at="2022-08-02T12:22:41 PDT" name="setUpClass" finished-at="2022-08-02T12:22:41 PDT" duration-ms="368" status="PASS">
          <params>
            <param index="0">
              <value>
                <![CDATA[org.testng.TestRunner@46612bfc]]>
              </value>
            </param>
          </params>
          <reporter-output>
          </reporter-output>
        </test-method> <!-- setUpClass -->
        <test-method signature="runScenario(io.cucumber.testng.PickleWrapper,io.cucumber.testng.FeatureWrapper)[pri:0, instance:Runnerclass.testRunner@2bffa76d]" started-at="2022-08-02T12:22:41 PDT" name="runScenario" description="Runs Cucumber Scenarios" data-provider="scenarios" finished-at="2022-08-02T12:22:50 PDT" duration-ms="8835" status="PASS">
          <params>
            <param index="0">
              <value>
                <![CDATA["Login to Rediff"]]>
              </value>
            </param>
            <param index="1">
              <value>
                <![CDATA["Rediff Application"]]>
              </value>
            </param>
          </params>
          <reporter-output>
          </reporter-output>
        </test-method> <!-- runScenario -->
        <test-method signature="runScenario(io.cucumber.testng.PickleWrapper,io.cucumber.testng.FeatureWrapper)[pri:0, instance:Runnerclass.testRunner@2bffa76d]" started-at="2022-08-02T12:22:50 PDT" name="runScenario" description="Runs Cucumber Scenarios" data-provider="scenarios" finished-at="2022-08-02T12:23:09 PDT" duration-ms="19647" status="PASS">
          <params>
            <param index="0">
              <value>
                <![CDATA["Login to Rediff"]]>
              </value>
            </param>
            <param index="1">
              <value>
                <![CDATA["Rediff Application"]]>
              </value>
            </param>
          </params>
          <reporter-output>
          </reporter-output>
        </test-method> <!-- runScenario -->
        <test-method is-config="true" signature="tearDownClass()[pri:0, instance:Runnerclass.testRunner@2bffa76d]" started-at="2022-08-02T12:23:09 PDT" name="tearDownClass" finished-at="2022-08-02T12:23:09 PDT" duration-ms="25" status="PASS">
          <reporter-output>
          </reporter-output>
        </test-method> <!-- tearDownClass -->
      </class> <!-- Runnerclass.testRunner -->
    </test> <!-- Test -->
  </suite> <!-- Suite -->
</testng-results>
